This is e-pTeX, Version 3.14159265-p3.8.1-180226-2.6 (utf8.euc) (TeX Live 2018/Cygwin) (preloaded format=platex 2018.8.4)  8 AUG 2018 21:36
entering extended mode
 restricted \write18 enabled.
 %&-line parsing enabled.
**main.tex
(/usr/share/texmf-dist/tex/latex/tools/x.tex
! Interruption.
<to be read again> 
                   \begingroup 
l.1 
    %%
? x
 
Here is how much of TeX's memory you used:
 6 strings out of 494754
 134 string characters out of 6181840
 56074 words of memory out of 5000000
 3910 multiletter control sequences out of 15000+600000
 7511 words of font info for 31 fonts, out of 8000000 for 9000
 14 hyphenation exceptions out of 8191
 3i,0n,1p,15b,6s stack positions out of 5000i,500n,10000p,200000b,80000s
No pages of output.
